<?xml version="1.0" encoding="UTF-8"?>
<!-- Generated by org.testng.reporters.JUnitReportReporter -->
<testsuite skipped="0" hostname="SAMSUNG-PC" name="MyGroup.MavenDemo.LoginTest" tests="1" failures="0" timestamp="21 Aug 2018 18:52:13 GMT" time="30.792" errors="0">
  <testcase name="launch" time="30.792" classname="MyGroup.MavenDemo.LoginTest"/>
</testsuite> <!-- MyGroup.MavenDemo.LoginTest -->
